{ "msg_showcmd", "sl:1", "tick:1806", false, { { 0, "k" } } }
{ "msg_showcmd", "sl:1", "tick:1808", false, { { 0, "k" } } }
{ "msg_showcmd", "sl:1", "tick:1810", false, { { 0, "k" } } }
{ "msg_showcmd", "sl:1", "tick:1812", false, { { 0, "K" } } }
{ "msg_showcmd", "sl:1", "tick:1816", false, { { 0, "]]" } } }
{ "msg_showcmd", "sl:1", "tick:1818", false, { { 0, "d" } } }
{ "msg_showcmd", "sl:1", "tick:1819", "mode:no", { { 0, "d]" } } }
{ "msg_showcmd", "sl:1", "tick:1821", "mode:no", { { 0, "d" } } }
{ "msg_showcmd", "sl:1", "tick:1823", "mode:no", { { 0, "d]d" } } }
{ "msg_show", "sl:1", "tick:1825", "mode:no", "emsg" }
{ "msg_showcmd", "sl:1", "tick:1827", false, { { 0, "]]" } } }
{ "msg_showcmd", "sl:1", "tick:1829", false, { { 0, "d" } } }
{ "msg_showcmd", "sl:1", "tick:1830", "mode:no", { { 0, "d]" } } }
{ "msg_showcmd", "sl:1", "tick:1832", "mode:no", { { 0, "d" } } }
{ "msg_showcmd", "sl:1", "tick:1834", "mode:no", { { 0, "d]" } } }
{ "msg_showcmd", "sl:1", "tick:1836", "mode:no", { { 0, "d]^[" } } }
{ "msg_showcmd", "sl:1", "tick:1838", false, { { 0, "]]" } } }
{ "msg_showcmd", "sl:1", "tick:1840", false, { { 0, "^[" } } }
{ "msg_showcmd", "sl:1", "tick:1842", false, { { 0, "k" } } }
{ "msg_showcmd", "sl:1", "tick:1844", false, { { 0, "g" } } }
{ "msg_showcmd", "sl:1", "tick:1845", false, { { 0, "gc" } } }
{ "msg_showcmd", "sl:1", "tick:1846", "mode:no", { { 0, "g@$" } } }
{ "msg_showcmd", "sl:1", "tick:1848", false, { { 0, ":" } } }
{ "cmdline_show", "sl:1", "tick:1849", "mode:c", { { 0, "" } } }
{ "cmdline_show", "sl:1", "tick:1852", "mode:c", { { 0, "w" } } }
{ "cmdline_hide", "sl:1", "tick:1854", false, 1 }
{ "msg_show", "sl:1", "tick:1855", false, "" }
{ "msg_show", "sl:1", "tick:1856", false, "" }
{ "msg_showcmd", "sl:1", "tick:1859", false, { { 0, "j" } } }
{ "msg_showcmd", "sl:1", "tick:1861", false, { { 0, "y" } } }
{ "msg_showcmd", "sl:1", "tick:1862", "mode:no", { { 0, "yy" } } }
{ "msg_showcmd", "sl:1", "tick:1864", false, { { 0, "V" } } }
{ "msg_showcmd", "sl:1", "tick:1866", false, { { 0, "p" } } }
{ "msg_showcmd", "sl:1", "tick:1868", false, { { 0, ":" } } }
{ "cmdline_show", "sl:1", "tick:1869", "mode:c", { { 0, "" } } }
{ "cmdline_show", "sl:1", "tick:1872", "mode:c", { { 0, "w" } } }
{ "cmdline_hide", "sl:1", "tick:1874", false, 1 }
{ "msg_show", "sl:1", "tick:1875", false, "" }
{ "msg_show", "sl:1", "tick:1876", false, "" }
{ "msg_showcmd", "sl:1", "tick:1879", false, { { 0, "j" } } }
{ "msg_showcmd", "sl:1", "tick:1881", false, { { 0, "k" } } }
{ "msg_showcmd", "sl:1", "tick:1883", false, { { 0, "e" } } }
{ "msg_showcmd", "sl:1", "tick:1885", false, { { 0, "e" } } }
{ "msg_showcmd", "sl:1", "tick:1887", false, { { 0, "e" } } }
{ "msg_showcmd", "sl:1", "tick:1889", false, { { 0, "e" } } }
{ "msg_showcmd", "sl:1", "tick:1891", false, { { 0, "j" } } }
{ "msg_showcmd", "sl:1", "tick:1893", false, { { 0, "j" } } }
{ "msg_showcmd", "sl:1", "tick:1895", false, { { 0, "j" } } }
{ "msg_showcmd", "sl:1", "tick:1897", false, { { 0, "j" } } }
{ "msg_showcmd", "sl:1", "tick:1899", false, { { 0, "j" } } }
{ "msg_showcmd", "sl:1", "tick:1901", false, { { 0, "j" } } }
{ "msg_showcmd", "sl:1", "tick:1903", false, { { 0, "y" } } }
{ "msg_showcmd", "sl:1", "tick:1904", "mode:no", { { 0, "yy" } } }
{ "msg_showcmd", "sl:1", "tick:1906", false, { { 0, "V" } } }
{ "msg_showcmd", "sl:1", "tick:1908", false, { { 0, "p" } } }
{ "msg_showcmd", "sl:1", "tick:1910", false, { { 0, ":" } } }
{ "cmdline_show", "sl:1", "tick:1911", "mode:c", { { 0, "" } } }
{ "cmdline_show", "sl:1", "tick:1914", "mode:c", { { 0, "w" } } }
{ "cmdline_hide", "sl:1", "tick:1916", false, 1 }
{ "msg_show", "sl:1", "tick:1917", false, "" }
{ "msg_show", "sl:1", "tick:1918", false, "" }
{ "msg_showcmd", "sl:1", "tick:1921", false, { { 0, "l" } } }
{ "msg_showcmd", "sl:1", "tick:1923", false, { { 0, "l" } } }
{ "msg_showcmd", "sl:1", "tick:1925", false, { { 0, "a" } } }
{ "msg_showcmd", "sl:1", "tick:1927", false, { { 0, "v" } } }
{ "msg_showcmd", "sl:1", "tick:1929", false, { { 0, "e" } } }
{ "msg_showcmd", "sl:1", "tick:1930", false, { { 0, "21" } } }
{ "msg_showcmd", "sl:1", "tick:1932", false, { { 0, "e" } } }
{ "msg_showcmd", "sl:1", "tick:1933", false, { { 0, "24" } } }
{ "msg_showcmd", "sl:1", "tick:1935", false, { { 0, "e" } } }
{ "msg_showcmd", "sl:1", "tick:1936", false, { { 0, "28" } } }
{ "msg_showcmd", "sl:1", "tick:1938", false, { { 0, "e" } } }
{ "msg_showcmd", "sl:1", "tick:1939", false, { { 0, "30" } } }
{ "msg_showcmd", "sl:1", "tick:1941", false, { { 0, "c" } } }
{ "msg_showcmd", "sl:1", "tick:1943", false, { { 0, "l" } } }
{ "msg_showcmd", "sl:1", "tick:1945", false, { { 0, "l" } } }
{ "msg_showcmd", "sl:1", "tick:1947", false, { { 0, "l" } } }
{ "msg_showcmd", "sl:1", "tick:1949", false, { { 0, "c" } } }
{ "msg_showcmd", "sl:1", "tick:1950", "mode:no", { { 0, "cw" } } }
{ "msg_showcmd", "sl:1", "tick:1952", false, { { 0, ":" } } }
{ "cmdline_show", "sl:1", "tick:1953", "mode:c", { { 0, "" } } }
{ "cmdline_show", "sl:1", "tick:1956", "mode:c", { { 0, "w" } } }
{ "cmdline_hide", "sl:1", "tick:1958", false, 1 }
{ "msg_show", "sl:1", "tick:1959", false, "" }
{ "msg_show", "sl:1", "tick:1960", false, "" }
{ "msg_showcmd", "sl:1", "tick:1963", false, { { 0, "d" } } }
{ "msg_showcmd", "sl:1", "tick:1964", "mode:no", { { 0, "d^[" } } }
{ "msg_showcmd", "sl:1", "tick:1966", false, { { 0, "b" } } }
{ "msg_showcmd", "sl:1", "tick:1968", false, { { 0, "b" } } }
{ "msg_showcmd", "sl:1", "tick:1970", false, { { 0, "h" } } }
{ "msg_showcmd", "sl:1", "tick:1972", false, { { 0, "h" } } }
{ "msg_showcmd", "sl:1", "tick:1974", false, { { 0, "h" } } }
{ "msg_showcmd", "sl:1", "tick:1976", false, { { 0, "k" } } }
{ "msg_showcmd", "sl:1", "tick:1978", false, { { 0, "d" } } }
{ "msg_showcmd", "sl:1", "tick:1979", "mode:no", { { 0, "dd" } } }
{ "msg_showcmd", "sl:1", "tick:1981", false, { { 0, ":" } } }
{ "cmdline_show", "sl:1", "tick:1982", "mode:c", { { 0, "" } } }
{ "cmdline_show", "sl:1", "tick:1985", "mode:c", { { 0, "w" } } }
{ "cmdline_hide", "sl:1", "tick:1987", false, 1 }
{ "msg_show", "sl:1", "tick:1988", false, "" }
{ "msg_show", "sl:1", "tick:1989", false, "" }
{ "msg_showcmd", "sl:1", "tick:1992", false, { { 0, "l" } } }
{ "msg_showcmd", "sl:1", "tick:1994", false, { { 0, "l" } } }
{ "msg_showcmd", "sl:1", "tick:1996", false, { { 0, "a" } } }
{ "msg_showcmd", "sl:1", "tick:1998", false, { { 0, ":" } } }
{ "cmdline_show", "sl:1", "tick:1999", "mode:c", { { 0, "" } } }
{ "cmdline_show", "sl:1", "tick:2002", "mode:c", { { 0, "w" } } }
{ "cmdline_hide", "sl:1", "tick:2004", false, 1 }
{ "msg_show", "sl:1", "tick:2005", false, "" }
{ "msg_show", "sl:1", "tick:2006", false, "" }
{ "msg_showcmd", "sl:1", "tick:2009", false, { { 0, "k" } } }
{ "msg_showcmd", "sl:1", "tick:2011", false, { { 0, "j" } } }
{ "msg_showcmd", "sl:1", "tick:2013", false, { { 0, "a" } } }
{ "msg_showcmd", "sl:1", "tick:2015", false, { { 0, ":" } } }
{ "cmdline_show", "sl:1", "tick:2016", "mode:c", { { 0, "" } } }
{ "cmdline_show", "sl:1", "tick:2019", "mode:c", { { 0, "w" } } }
{ "cmdline_hide", "sl:1", "tick:2021", false, 1 }
{ "msg_show", "sl:1", "tick:2022", false, "" }
{ "msg_show", "sl:1", "tick:2023", false, "" }
{ "msg_showcmd", "sl:1", "tick:2026", false, { { 0, "u" } } }
{ "msg_show", "sl:1", "tick:2027", false, "" }
{ "msg_showcmd", "sl:1", "tick:2030", false, { { 0, ":" } } }
{ "cmdline_show", "sl:1", "tick:2031", "mode:c", { { 0, "" } } }
{ "cmdline_show", "sl:1", "tick:2034", "mode:c", { { 0, "w" } } }
{ "cmdline_hide", "sl:1", "tick:2036", false, 1 }
{ "msg_show", "sl:1", "tick:2037", false, "" }
{ "msg_show", "sl:1", "tick:2038", false, "" }
{ "msg_showcmd", "sl:1", "tick:2041", false, { { 0, "e" } } }
{ "msg_showcmd", "sl:1", "tick:2043", false, { { 0, "e" } } }
{ "msg_showcmd", "sl:1", "tick:2045", false, { { 0, "e" } } }
{ "msg_showcmd", "sl:1", "tick:2047", false, { { 0, "e" } } }
{ "msg_showcmd", "sl:1", "tick:2049", false, { { 0, "e" } } }
{ "msg_showcmd", "sl:1", "tick:2051", false, { { 0, "l" } } }
{ "msg_showcmd", "sl:1", "tick:2053", false, { { 0, "a" } } }
{ "msg_showcmd", "sl:1", "tick:2055", false, { { 0, ":" } } }
{ "cmdline_show", "sl:1", "tick:2056", "mode:c", { { 0, "" } } }
{ "cmdline_show", "sl:1", "tick:2059", "mode:c", { { 0, "w" } } }
{ "cmdline_hide", "sl:1", "tick:2061", false, 1 }
{ "msg_show", "sl:1", "tick:2062", false, "" }
{ "msg_show", "sl:1", "tick:2063", false, "" }
{ "msg_showcmd", "sl:1", "tick:2066", false, { { 0, "0" } } }
{ "msg_showcmd", "sl:1", "tick:2068", false, { { 0, "e" } } }
{ "msg_show", "sl:1", "tick:2070", false, "echomsg" }
{ "msg_showcmd", "sl:1", "tick:2072", false, { { 0, "K" } } }
{ "msg_showcmd", "sl:1", "tick:2076", false, { { 0, "l" } } }
{ "msg_showcmd", "sl:1", "tick:2078", false, { { 0, "l" } } }
{ "msg_showcmd", "sl:1", "tick:2080", false, { { 0, "l" } } }
{ "msg_showcmd", "sl:1", "tick:2082", false, { { 0, "a" } } }
{ "msg_showcmd", "sl:1", "tick:2084", false, { { 0, ":" } } }
{ "cmdline_show", "sl:1", "tick:2085", "mode:c", { { 0, "" } } }
{ "cmdline_show", "sl:1", "tick:2088", "mode:c", { { 0, "w" } } }
{ "cmdline_hide", "sl:1", "tick:2090", false, 1 }
{ "msg_show", "sl:1", "tick:2091", false, "" }
{ "msg_show", "sl:1", "tick:2092", false, "" }
{ "msg_showcmd", "sl:1", "tick:2095", false, { { 0, "h" } } }
{ "msg_showcmd", "sl:1", "tick:2097", false, { { 0, "h" } } }
{ "msg_showcmd", "sl:1", "tick:2099", false, { { 0, "v" } } }
{ "msg_showcmd", "sl:1", "tick:2101", false, { { 0, "b" } } }
{ "msg_showcmd", "sl:1", "tick:2102", false, { { 0, "5" } } }
{ "msg_showcmd", "sl:1", "tick:2104", false, { { 0, "^[" } } }
{ "msg_showcmd", "sl:1", "tick:2106", false, { { 0, "v" } } }
{ "msg_showcmd", "sl:1", "tick:2108", false, { { 0, "e" } } }
{ "msg_showcmd", "sl:1", "tick:2109", false, { { 0, "5" } } }
{ "msg_showcmd", "sl:1", "tick:2111", false, { { 0, "e" } } }
{ "msg_showcmd", "sl:1", "tick:2112", false, { { 0, "18" } } }
{ "msg_showcmd", "sl:1", "tick:2114", false, { { 0, "e" } } }
{ "msg_showcmd", "sl:1", "tick:2115", false, { { 0, "21" } } }
{ "msg_showcmd", "sl:1", "tick:2117", false, { { 0, "h" } } }
{ "msg_showcmd", "sl:1", "tick:2118", false, { { 0, "20" } } }
{ "msg_showcmd", "sl:1", "tick:2120", false, { { 0, "h" } } }
{ "msg_showcmd", "sl:1", "tick:2121", false, { { 0, "19" } } }
{ "msg_showcmd", "sl:1", "tick:2123", false, { { 0, "h" } } }
{ "msg_showcmd", "sl:1", "tick:2124", false, { { 0, "18" } } }
{ "msg_showcmd", "sl:1", "tick:2126", false, { { 0, ":" } } }
{ "cmdline_show", "sl:1", "tick:2127", "mode:c", { { 0, "" } } }
{ "cmdline_show", "sl:1", "tick:2130", "mode:c", { { 0, "w" } } }
{ "cmdline_hide", "sl:1", "tick:2132", false, 1 }
{ "msg_show", "sl:1", "tick:2133", false, "" }
{ "msg_show", "sl:1", "tick:2134", false, "" }
{ "msg_showcmd", "sl:1", "tick:2137", false, { { 0, "g" } } }
{ "msg_showcmd", "sl:1", "tick:2138", false, { { 0, "gc" } } }
{ "msg_showcmd", "sl:1", "tick:2139", "mode:no", { { 0, "g@$" } } }
{ "msg_showcmd", "sl:1", "tick:2141", false, { { 0, "g" } } }
{ "msg_showcmd", "sl:1", "tick:2142", false, { { 0, "gc" } } }
{ "msg_showcmd", "sl:1", "tick:2143", "mode:no", { { 0, "g@$" } } }
{ "msg_showcmd", "sl:1", "tick:2145", false, { { 0, "l" } } }
{ "msg_showcmd", "sl:1", "tick:2147", false, { { 0, "v" } } }
{ "msg_showcmd", "sl:1", "tick:2149", false, { { 0, "e" } } }
{ "msg_showcmd", "sl:1", "tick:2150", false, { { 0, "5" } } }
{ "msg_showcmd", "sl:1", "tick:2152", false, { { 0, "c" } } }
{ "msg_showcmd", "sl:1", "tick:2154", false, { { 0, "d" } } }
{ "msg_showcmd", "sl:1", "tick:2155", "mode:no", { { 0, "g@l" } } }
{ "msg_showcmd", "sl:1", "tick:2157", false, { { 0, "e" } } }
{ "msg_showcmd", "sl:1", "tick:2159", false, { { 0, "e" } } }
{ "msg_showcmd", "sl:1", "tick:2161", false, { { 0, "e" } } }
{ "msg_showcmd", "sl:1", "tick:2163", false, { { 0, "e" } } }
{ "msg_showcmd", "sl:1", "tick:2165", false, { { 0, "e" } } }
{ "msg_showcmd", "sl:1", "tick:2167", false, { { 0, ":" } } }
{ "cmdline_show", "sl:1", "tick:2168", "mode:c", { { 0, "" } } }
{ "cmdline_show", "sl:1", "tick:2171", "mode:c", { { 0, "w" } } }
{ "cmdline_hide", "sl:1", "tick:2173", false, 1 }
{ "msg_show", "sl:1", "tick:2174", false, "" }
{ "msg_show", "sl:1", "tick:2175", false, "" }
{ "msg_showcmd", "sl:1", "tick:2178", false, { { 0, "j" } } }
{ "msg_showcmd", "sl:1", "tick:2180", false, { { 0, "j" } } }
{ "msg_showcmd", "sl:1", "tick:2182", false, { { 0, "j" } } }
{ "msg_showcmd", "sl:1", "tick:2184", false, { { 0, "j" } } }
{ "msg_showcmd", "sl:1", "tick:2186", false, { { 0, "j" } } }
{ "msg_showcmd", "sl:1", "tick:2188", false, { { 0, "o" } } }
{ "msg_showcmd", "sl:1", "tick:2190", false, { { 0, "^[" } } }
{ "msg_showcmd", "sl:1", "tick:2192", false, { { 0, "0" } } }
{ "msg_showcmd", "sl:1", "tick:2194", false, { { 0, "e" } } }
{ "msg_showcmd", "sl:1", "tick:2196", false, { { 0, "l" } } }
{ "msg_showcmd", "sl:1", "tick:2198", false, { { 0, "l" } } }
{ "msg_showcmd", "sl:1", "tick:2200", false, { { 0, "l" } } }
{ "msg_showcmd", "sl:1", "tick:2202", false, { { 0, "a" } } }
{ "msg_showcmd", "sl:1", "tick:2204", false, { { 0, ":" } } }
{ "cmdline_show", "sl:1", "tick:2205", "mode:c", { { 0, "" } } }
{ "cmdline_show", "sl:1", "tick:2208", "mode:c", { { 0, "w" } } }
{ "cmdline_hide", "sl:1", "tick:2210", false, 1 }
{ "msg_show", "sl:1", "tick:2211", false, "" }
{ "msg_show", "sl:1", "tick:2212", false, "" }
{ "msg_showcmd", "sl:1", "tick:2215", false, { { 0, "j" } } }
{ "msg_showcmd", "sl:1", "tick:2217", false, { { 0, "^D" } } }
{ "msg_showcmd", "sl:1", "tick:2219", false, { { 0, "^D" } } }
{ "msg_showcmd", "sl:1", "tick:2221", false, { { 0, "^D" } } }
{ "msg_showcmd", "sl:1", "tick:2223", false, { { 0, "^U" } } }
{ "msg_showcmd", "sl:1", "tick:2225", false, { { 0, "^U" } } }
{ "msg_showcmd", "sl:1", "tick:2227", false, { { 0, "^U" } } }
{ "msg_showcmd", "sl:1", "tick:2229", false, { { 0, "^U" } } }
{ "msg_showcmd", "sl:1", "tick:2231", false, { { 0, "j" } } }
{ "msg_showcmd", "sl:1", "tick:2233", false, { { 0, "j" } } }
{ "msg_showcmd", "sl:1", "tick:2235", false, { { 0, "j" } } }
{ "msg_showcmd", "sl:1", "tick:2237", false, { { 0, "j" } } }
{ "msg_showcmd", "sl:1", "tick:2239", false, { { 0, "j" } } }
{ "msg_showcmd", "sl:1", "tick:2241", false, { { 0, "j" } } }
{ "msg_showcmd", "sl:1", "tick:2243", false, { { 0, "j" } } }
{ "msg_showcmd", "sl:1", "tick:2245", false, { { 0, "^D" } } }
{ "msg_showcmd", "sl:1", "tick:2247", false, { { 0, "^D" } } }
{ "msg_showcmd", "sl:1", "tick:2249", false, { { 0, "^D" } } }
{ "msg_showcmd", "sl:1", "tick:2251", false, { { 0, "^D" } } }
{ "msg_showcmd", "sl:1", "tick:2253", false, { { 0, "^D" } } }
{ "msg_showcmd", "sl:1", "tick:2255", false, { { 0, "^D" } } }
{ "msg_showcmd", "sl:1", "tick:2257", false, { { 0, "^D" } } }
{ "msg_showcmd", "sl:1", "tick:2259", false, { { 0, "^U" } } }
{ "msg_showcmd", "sl:1", "tick:2261", false, { { 0, "^D" } } }
{ "msg_showcmd", "sl:1", "tick:2263", false, { { 0, "^D" } } }
{ "msg_showcmd", "sl:1", "tick:2265", false, { { 0, "^D" } } }
{ "msg_showcmd", "sl:1", "tick:2267", false, { { 0, "^U" } } }
{ "msg_showcmd", "sl:1", "tick:2269", false, { { 0, "^U" } } }
{ "msg_showcmd", "sl:1", "tick:2271", false, { { 0, "^U" } } }
{ "msg_ruler", "sl:1", "tick:2273", false, { { 1, "1,0-1         All" } } }
{ "msg_showcmd", "sl:1", "tick:2274", false, { { 0, "A" } } }
{ "msg_ruler", "sl:1", "tick:2275", false, { { 1, "1,3           All" } } }
{ "msg_ruler", "sl:1", "tick:2278", false, { { 1, "1,2           All" } } }
{ "msg_showcmd", "sl:1", "tick:2280", false, { { 0, "^[" } } }
{ "msg_showcmd", "sl:1", "tick:2282", false, { { 0, ":" } } }
{ "cmdline_show", "sl:1", "tick:2283", "mode:c", { { 0, "" } } }
{ "cmdline_show", "sl:1", "tick:2286", "mode:c", { { 0, "e" } } }
{ "cmdline_show", "sl:1", "tick:2288", "mode:c", { { 0, "e/" } } }
{ "cmdline_show", "sl:1", "tick:2290", "mode:c", { { 0, "e" } } }
{ "cmdline_hide", "sl:1", "tick:2292", false, 1 }
{ "msg_showcmd", "sl:1", "tick:2293", false, { { 0, ":" } } }
{ "cmdline_show", "sl:1", "tick:2294", "mode:c", { { 0, "" } } }
{ "cmdline_show", "sl:1", "tick:2297", "mode:c", { { 0, "e" } } }
{ "cmdline_hide", "sl:1", "tick:2299", false, 1 }
{ "msg_showcmd", "sl:1", "tick:2300", false, { { 0, ":" } } }
{ "cmdline_show", "sl:1", "tick:2301", "mode:c", { { 0, "" } } }
{ "cmdline_show", "sl:1", "tick:2304", "mode:c", { { 0, "N" } } }
{ "cmdline_show", "sl:1", "tick:2306", "mode:c", { { 0, "No" } } }
{ "cmdline_show", "sl:1", "tick:2308", "mode:c", { { 0, "Noi" } } }
{ "cmdline_show", "sl:1", "tick:2310", "mode:c", { { 0, "Noic" } } }
{ "cmdline_show", "sl:1", "tick:2312", "mode:c", { { 0, "Noice" } } }
{ "cmdline_show", "sl:1", "tick:2314", "mode:c", { { 0, "Noice " } } }
{ "cmdline_show", "sl:1", "tick:2316", "mode:c", { { 0, "Noice d" } } }
{ "cmdline_show", "sl:1", "tick:2318", "mode:c", { { 0, "Noice de" } } }
{ "cmdline_show", "sl:1", "tick:2320", "mode:c", { { 0, "Noice deb" } } }
{ "cmdline_show", "sl:1", "tick:2322", "mode:c", { { 0, "Noice debu" } } }
{ "cmdline_show", "sl:1", "tick:2324", "mode:c", { { 0, "Noice debug" } } }
{ "cmdline_hide", "sl:1", "tick:2326", false, 1 }
